This file contains any messages produced by compilers while
running configure, to aid debugging if configure makes a mistake.

It was created by dirb configure 2.22, which was
generated by GNU Autoconf 2.69.  Invocation command line was

  $ ./configure 

## --------- ##
## Platform. ##
## --------- ##

hostname = localhost.localdomain
uname -m = x86_64
uname -r = 4.4.6-300.fc23.x86_64+debug
uname -s = Linux
uname -v = #1 SMP Wed Mar 16 21:54:26 UTC 2016

/usr/bin/uname -p = x86_64
/bin/uname -X     = unknown

/bin/arch              = x86_64
/usr/bin/arch -k       = unknown
/usr/convex/getsysinfo = unknown
/usr/bin/hostinfo      = unknown
/bin/machine           = unknown
/usr/bin/oslevel       = unknown
/bin/universe          = unknown

PATH: /usr/local/sbin
PATH: /usr/local/bin
PATH: /usr/sbin
PATH: /usr/bin
PATH: /root/bin


## ----------- ##
## Core tests. ##
## ----------- ##

configure:1866: checking for a BSD-compatible install
configure:1934: result: /usr/bin/install -c
configure:1945: checking whether build environment is sane
configure:1982: result: yes
configure:2044: checking for gawk
configure:2060: found /usr/bin/gawk
configure:2071: result: gawk
configure:2082: checking whether make sets $(MAKE)
configure:2104: result: yes
configure:2298: checking for libcurl >= 7.10.1
configure:2318: result: FAILED
configure:2320: error: Curl-config was not found

## ---------------- ##
## Cache variables. ##
## ---------------- ##

ac_cv_env_CC_set=
ac_cv_env_CC_value=
ac_cv_env_CFLAGS_set=
ac_cv_env_CFLAGS_value=
ac_cv_env_CPPFLAGS_set=
ac_cv_env_CPPFLAGS_value=
ac_cv_env_LDFLAGS_set=
ac_cv_env_LDFLAGS_value=
ac_cv_env_LIBS_set=
ac_cv_env_LIBS_value=
ac_cv_env_build_alias_set=
ac_cv_env_build_alias_value=
ac_cv_env_host_alias_set=
ac_cv_env_host_alias_value=
ac_cv_env_target_alias_set=
ac_cv_env_target_alias_value=
ac_cv_path_install='/usr/bin/install -c'
ac_cv_prog_AWK=gawk
ac_cv_prog_make_make_set=yes
my_cv_curl_vers=NONE

## ----------------- ##
## Output variables. ##
## ----------------- ##

ACLOCAL='${SHELL} /home/kelsey/materias-e-apostilas/python/Redes/dirb222/missing --run aclocal-1.9'
AMDEPBACKSLASH=''
AMDEP_FALSE=''
AMDEP_TRUE=''
AMTAR='${SHELL} /home/kelsey/materias-e-apostilas/python/Redes/dirb222/missing --run tar'
AUTOCONF='${SHELL} /home/kelsey/materias-e-apostilas/python/Redes/dirb222/missing --run autoconf'
AUTOHEADER='${SHELL} /home/kelsey/materias-e-apostilas/python/Redes/dirb222/missing --run autoheader'
AUTOMAKE='${SHELL} /home/kelsey/materias-e-apostilas/python/Redes/dirb222/missing --run automake-1.9'
AWK='gawk'
CC=''
CCDEPMODE=''
CFLAGS=''
CPPFLAGS=''
CYGPATH_W='echo'
DEFS=''
DEPDIR=''
ECHO_C=''
ECHO_N='-n'
ECHO_T=''
EXEEXT=''
INSTALL_DATA='${INSTALL} -m 644'
INSTALL_PROGRAM='${INSTALL}'
INSTALL_SCRIPT='${INSTALL}'
INSTALL_STRIP_PROGRAM='${SHELL} $(install_sh) -c -s'
LDFLAGS=''
LIBOBJS=''
LIBS=''
LTLIBOBJS=''
MAKEINFO='${SHELL} /home/kelsey/materias-e-apostilas/python/Redes/dirb222/missing --run makeinfo'
NETWORK_CFLAGS=''
NETWORK_LIBS=''
OBJEXT=''
PACKAGE='dirb'
PACKAGE_BUGREPORT='darkraver@open-labs.org'
PACKAGE_NAME='dirb'
PACKAGE_STRING='dirb 2.22'
PACKAGE_TARNAME='dirb'
PACKAGE_URL=''
PACKAGE_VERSION='2.22'
PATH_SEPARATOR=':'
SET_MAKE=''
SHELL='/bin/sh'
STRIP=''
VERSION='2.22'
ac_ct_CC=''
am__fastdepCC_FALSE=''
am__fastdepCC_TRUE=''
am__include=''
am__leading_dot='.'
am__quote=''
am__tar='${AMTAR} chof - "$$tardir"'
am__untar='${AMTAR} xf -'
bindir='${exec_prefix}/bin'
build_alias=''
datadir='${datarootdir}'
datarootdir='${prefix}/share'
docdir='${datarootdir}/doc/${PACKAGE_TARNAME}'
dvidir='${docdir}'
exec_prefix='NONE'
host_alias=''
htmldir='${docdir}'
includedir='${prefix}/include'
infodir='${datarootdir}/info'
install_sh='/home/kelsey/materias-e-apostilas/python/Redes/dirb222/install-sh'
libdir='${exec_prefix}/lib'
libexecdir='${exec_prefix}/libexec'
localedir='${datarootdir}/locale'
localstatedir='${prefix}/var'
mandir='${datarootdir}/man'
mkdir_p='mkdir -p --'
oldincludedir='/usr/include'
pdfdir='${docdir}'
prefix='NONE'
program_transform_name='s,x,x,'
psdir='${docdir}'
sbindir='${exec_prefix}/sbin'
sharedstatedir='${prefix}/com'
sysconfdir='${prefix}/etc'
target_alias=''

## ----------- ##
## confdefs.h. ##
## ----------- ##

/* confdefs.h */
#define PACKAGE_NAME "dirb"
#define PACKAGE_TARNAME "dirb"
#define PACKAGE_VERSION "2.22"
#define PACKAGE_STRING "dirb 2.22"
#define PACKAGE_BUGREPORT "darkraver@open-labs.org"
#define PACKAGE_URL ""
#define PACKAGE "dirb"
#define VERSION "2.22"

configure: exit 1
